MPASM 5.87              COD_SECUENCIAS13.ASM   9-8-2023  23:16:26         PAGE  1


LOC  OBJECT CODE     LINE SOURCE TEXT
  VALUE

                      00001 #include "p16F887.inc"    
                      00001         LIST
                      00002 
                      00003 ;==========================================================================
                      00004 ; Build date : Jan 06 2020
                      00005 ;  MPASM PIC16F887 processor include
                      00006 ; 
                      00007 ;  (c) Copyright 1999-2020 Microchip Technology, All rights reserved
                      00008 ;==========================================================================
                      00009 
                      00810         LIST
                      00002 ; CONFIG1
                      00003 ; __config 0x28D5
2007   28D5           00004  __CONFIG _CONFIG1, _FOSC_INTRC_CLKOUT & _WDTE_OFF & _PWRTE_OFF & _MCLRE_OFF & _CP_OFF & _CPD_OFF & _BOR
                            EN_OFF & _IESO_OFF & _FCMEN_ON & _LVP_OFF
                      00005 ; CONFIG2
                      00006 ; __config 0x3FFF
2008   3FFF           00007  __CONFIG _CONFIG2, _BOR4V_BOR40V & _WRT_OFF
                      00008 
                      00009   LIST p=16F887
                      00010    
  00000020            00011 cont1      EQU 0x20
  00000021            00012 cont2      EQU 0x21
  00000022            00013 cont3      EQU 0x22
  00000023            00014 var        EQU 0x23
  00000024            00015 var2       EQU 0x24
  00000025            00016 var3       EQU 0x25
  00000026            00017 varSec1    EQU 0x26
  00000027            00018 varSec2    EQU 0x27
  00000028            00019 varSec3    EQU 0x28
                      00020  
                      00021     ORG 0x00
0000   2???           00022     GOTO INICIO
                      00023   
0001                  00024 INICIO
0001   1283           00025     BCF  STATUS,RP0 
0002   1303           00026     BCF  STATUS,RP1     ;Bank 0
0003   0186           00027     CLRF PORTB          ;Limpiamos las salidas del puerto B
0004   1683           00028     BSF  STATUS, RP0    ;Bank 1
Message[302]: Register in operand not in bank 0.  Ensure that bank bits are correct.
0005   0186           00029     CLRF TRISB          ;Configuramos el PORTB como salidas 8 pines
0006   1703           00030     BSF  STATUS,RP1     ;Bank 3
Message[302]: Register in operand not in bank 0.  Ensure that bank bits are correct.
0007   0189           00031     CLRF ANSELH         ;Configuramos el registro de deteccion analogica
0008   1283           00032     BCF  STATUS,RP0    
0009   1303           00033     BCF  STATUS,RP1     ;Bank 0 
000A   1003           00034     BCF  STATUS,C       ;Desabilitamos el bit de carry 
                      00035     
000B                  00036 INICIA_SECU
                      00037     
000B   3003           00038     MOVLW .3
000C   00A5           00039     MOVWF var3         ;Creamos una variable con proposito de bucle
000D   3003           00040     MOVLW .3
MPASM 5.87              COD_SECUENCIAS13.ASM   9-8-2023  23:16:26         PAGE  2


LOC  OBJECT CODE     LINE SOURCE TEXT
  VALUE

000E   00A4           00041     MOVWF var2         ;Creamos una variable con proposito de bucle
000F   3081           00042     MOVLW b'10000001'
0010   0086           00043     MOVWF PORTB
0011   2???           00044     CALL RETARDO       ;Encendemos el primer paso de la secuencia
                      00045     
0012                  00046 LOOP1 
0012   3007           00047     MOVLW .7
0013   00A3           00048     MOVWF var          ;Variable con proposito de bucle
0014   3080           00049     MOVLW b'10000000'
0015   00A6           00050     MOVWF varSec1      ;Variable para el patron de la secuencia
0016   3001           00051     MOVLW b'00000001'
0017   00A7           00052     MOVWF varSec2      ;Variable para el patron de la secuencia
                      00053     
0018                  00054 SECUENCIA_LED1         ;Inicio de la secuencia
                      00055    
Message[305]: Using default destination of 1 (file).
0018   0CA6           00056     RRF varSec1           ;Desplazamos la variable del MSB hacia la derecha
Message[305]: Using default destination of 1 (file).
0019   0DA7           00057     RLF varSec2           ;Desplazamos la variable del MSB hacia la izquierda
001A   0826           00058     MOVF varSec1,0        ;Movemos el la variable desplazada para operacion logica
001B   0427           00059     IORWF varSec2,0       ;varSec1 or varSec2
001C   0086           00060     MOVWF PORTB           ;Cargamos el resultado en el puerto de salida
001D   2???           00061     CALL RETARDO          ;Rutina de retardo
001E   0BA3           00062     DECFSZ var,F          ;Hacer los siete pasos restantes de la secuencia
001F   2???           00063     GOTO SECUENCIA_LED1   ;Volver a iniciar la secuencai
0020   0BA4           00064     DECFSZ var2,F         ;Hcer los 8 pasos de la secuencia tres veces
0021   2???           00065     GOTO LOOP1
0022   2???           00066     GOTO SECUENCIA_LED2   ;Comienza una secuencia diferente
                      00067 
0023                  00068 SECUENCIA_LED2
                      00069     
0023   01A3           00070     CLRF var          ;Limpiamos todas las variables usadas anteriomente
0024   01A4           00071     CLRF var2         
0025   01A6           00072     CLRF varSec1  
0026   01A7           00073     CLRF varSec2   
0027   01A8           00074     CLRF varSec3      
                      00075     
0028                  00076 LOOP2                  ;Etiqueta del bucle
                      00077     
0028   3002           00078     MOVLW .2
0029   00A3           00079     MOVWF var          ;Definimos valores constantes a las variables
002A   3002           00080     MOVLW .2
002B   00A4           00081     MOVWF var2
002C   3081           00082     MOVLW b'10000001'
002D   0086           00083     MOVWF PORTB
002E   2???           00084     CALL RETARDO       ;Encendemos los leds del primer paso de la secuencia
002F   3001           00085     MOVLW b'00000001'
0030   00A6           00086     MOVWF varSec1      ;Variable para el patron de la secuencia
0031   3080           00087     MOVLW b'10000000'
0032   00A7           00088     MOVWF varSec2      ;Variable para el patron de la secuencia
0033   30C3           00089     MOVLW b'11000011'
0034   00A8           00090     MOVWF varSec3      ;Variable estatica para algunos pasos de la secuencia
                      00091   
MPASM 5.87              COD_SECUENCIAS13.ASM   9-8-2023  23:16:26         PAGE  3


LOC  OBJECT CODE     LINE SOURCE TEXT
  VALUE

0035                  00092 LOOP3
                      00093    
Message[305]: Using default destination of 1 (file).
0035   0DA6           00094     RlF varSec1          ;Desplazamos la variable del MSB hacia la izquieda
Message[305]: Using default destination of 1 (file).
0036   0CA7           00095     RRF varSec2          ;Desplazamos la variable del MSB hacia la derecha
0037   0826           00096     MOVF varSec1,0
0038   0427           00097     IORWF varSec2,0      ;Operacion or con las variables de patron secuencia
0039   0428           00098     IORWF varSec3,0      ;Resultado anterior hacemos or con variable estatica
003A   0086           00099     MOVWF PORTB          ;Mostramos resultado en la salida
003B   2???           00100     CALL RETARDO         ;Rutina de retardo, 1 segundo
003C   0BA3           00101     DECFSZ var,F         
003D   2???           00102     GOTO LOOP3           ;Hacer bucle para las obtencion de los primeros pasos
003E   2???           00103     CALL ADD_BIT         ;Llamanos a la funcion 
003F   1DA6           00104     BTFSS varSec1,3      ;Testear si la varible tiene un 1 en el bit 3?
0040   2???           00105     GOTO LOOP3           ;Si es falso sigue haciendo el bucle
0041   3018           00106     MOVLW b'00011000'    ;Caso verdadero cargamos el valor a mostrar
0042   0086           00107     MOVWF PORTB          ;Mostrar en la salida
0043   2???           00108     CALL RETARDO
                      00109     
0044                  00110 REP_PART2                ;Hasta entonces tenemos 4 pasos de la secuancia
                      00111     
Message[305]: Using default destination of 1 (file).
0044   0CA6           00112     RRF varSec1          ;Hacemos los mismos pasos anteriores pero
Message[305]: Using default destination of 1 (file).
0045   0DA7           00113     RLF varSec2          ;esta vez invirtiendo las variables una vez el testeo 
0046   303C           00114     MOVLW b'00111100'    ;anterior haya sido verdadero
0047   00A8           00115     MOVWF varSec3
0048   0826           00116     MOVF varSec1,0
0049   0427           00117     IORWF varSec2,0
004A   0428           00118     IORWF varSec3,0
004B   0086           00119     MOVWF PORTB
004C   2???           00120     CALL RETARDO
004D   0BA4           00121     DECFSZ var2,F
004E   2???           00122     GOTO REP_PART2
004F   30FF           00123     MOVLW b'11111111'    
0050   0086           00124     MOVWF PORTB         ;Mostrar el ultimo paso de la secuencia
0051   2???           00125     CALL RETARDO
0052   0BA5           00126     DECFSZ var3,F
0053   2???           00127     GOTO SECUENCIA_LED2 ;Termonados los ocho pasos, iniciar nuevamente 
0054   2???           00128     GOTO INICIA_SECU
                      00129     
0055                  00130 ADD_BIT                 ;Funcion para actualizar la variable estatica
                      00131     
0055   30E7           00132     MOVLW b'11100111'   ;Cargar el valor de actualizacion
0056   00A8           00133     MOVWF varSec3       
0057   3001           00134     MOVLW .1         
0058   00A3           00135     MOVWF var           ;Variable con proposito de usar la varSec3 un solo paso
0059   0008           00136     RETURN              ;Continuar en lla linea despues de llamar la funcion
                      00137 
005A                  00138 RETARDO                 ;Rutina para obtener un retardo de un segundo
005A   300A           00139     MOVLW .10           ;se hicieron calculos respecto a cuantas instrucciones
005B   00A2           00140     MOVWF cont3         ;son necesarias para obtener 1 segundo de retardo
MPASM 5.87              COD_SECUENCIAS13.ASM   9-8-2023  23:16:26         PAGE  4


LOC  OBJECT CODE     LINE SOURCE TEXT
  VALUE

005C                  00141 REP_3
005C   3064           00142     MOVLW .100          ;Conociendo de antemano la frecuencia del oscilador
005D   00A1           00143     MOVWF cont2 
005E                  00144 REP_2
005E   30FA           00145     MOVLW .250
005F   00A0           00146     MOVWF cont1 
0060                  00147 REP_1
0060   0000           00148     Nop                ;No hace nada pero consume 1 us de tiempo
0061   0BA0           00149     DECFSZ cont1,F
0062   2???           00150     GOTO REP_1
0063   0BA1           00151     DECFSZ cont2,F
0064   2???           00152     GOTO REP_2
0065   0BA2           00153     DECFSZ cont3,F
0066   2???           00154     GOTO REP_3
0067   0008           00155     RETURN
28D5 3FFF             00156     END
MPASM 5.87              COD_SECUENCIAS13.ASM   9-8-2023  23:16:26         PAGE  5


SYMBOL TABLE
  LABEL                             VALUE 

ABDEN                             00000000
ABDOVF                            00000007
ACKDT                             00000005
ACKEN                             00000004
ACKSTAT                           00000006
ADCON0                            0000001F
ADCON1                            0000009F
ADCS0                             00000006
ADCS1                             00000007
ADDEN                             00000003
ADD_BIT                           00000055
ADFM                              00000007
ADIE                              00000006
ADIF                              00000006
ADON                              00000000
ADRESH                            0000001E
ADRESL                            0000009E
ANS0                              00000000
ANS1                              00000001
ANS10                             00000002
ANS11                             00000003
ANS12                             00000004
ANS13                             00000005
ANS2                              00000002
ANS3                              00000003
ANS4                              00000004
ANS5                              00000005
ANS6                              00000006
ANS7                              00000007
ANS8                              00000000
ANS9                              00000001
ANSEL                             00000188
ANSELH                            00000189
BAUDCTL                           00000187
BCLIE                             00000003
BCLIF                             00000003
BF                                00000000
BRG0                              00000000
BRG1                              00000001
BRG10                             00000002
BRG11                             00000003
BRG12                             00000004
BRG13                             00000005
BRG14                             00000006
BRG15                             00000007
BRG16                             00000003
BRG2                              00000002
BRG3                              00000003
BRG4                              00000004
BRG5                              00000005
BRG6                              00000006
BRG7                              00000007
BRG8                              00000000
MPASM 5.87              COD_SECUENCIAS13.ASM   9-8-2023  23:16:26         PAGE  6


SYMBOL TABLE
  LABEL                             VALUE 

BRG9                              00000001
BRGH                              00000002
C                                 00000000
C1CH0                             00000000
C1CH1                             00000001
C1IE                              00000005
C1IF                              00000005
C1OE                              00000005
C1ON                              00000007
C1OUT                             00000006
C1POL                             00000004
C1R                               00000002
C1RSEL                            00000005
C1SEN                             00000005
C2CH0                             00000000
C2CH1                             00000001
C2IE                              00000006
C2IF                              00000006
C2OE                              00000005
C2ON                              00000007
C2OUT                             00000006
C2POL                             00000004
C2R                               00000002
C2REN                             00000004
C2RSEL                            00000004
C2SYNC                            00000000
CCP1CON                           00000017
CCP1IE                            00000002
CCP1IF                            00000002
CCP1M0                            00000000
CCP1M1                            00000001
CCP1M2                            00000002
CCP1M3                            00000003
CCP1X                             00000005
CCP1Y                             00000004
CCP2CON                           0000001D
CCP2IE                            00000000
CCP2IF                            00000000
CCP2M0                            00000000
CCP2M1                            00000001
CCP2M2                            00000002
CCP2M3                            00000003
CCP2X                             00000005
CCP2Y                             00000004
CCPR1                             00000015
CCPR1H                            00000016
CCPR1L                            00000015
CCPR2                             0000001B
CCPR2H                            0000001C
CCPR2L                            0000001B
CHS0                              00000002
CHS1                              00000003
CHS2                              00000004
MPASM 5.87              COD_SECUENCIAS13.ASM   9-8-2023  23:16:26         PAGE  7


SYMBOL TABLE
  LABEL                             VALUE 

CHS3                              00000005
CKE                               00000006
CKP                               00000004
CM1CON0                           00000107
CM2CON0                           00000108
CM2CON1                           00000109
CREN                              00000004
CSRC                              00000007
D                                 00000005
DATA_ADDRESS                      00000005
DC                                00000001
DC1B0                             00000004
DC1B1                             00000005
DC2B0                             00000004
DC2B1                             00000005
D_A                               00000005
D_NOT_A                           00000005
ECCPAS                            0000009C
ECCPAS0                           00000004
ECCPAS1                           00000005
ECCPAS2                           00000006
ECCPASE                           00000007
EEADR                             0000010D
EEADRH                            0000010F
EECON1                            0000018C
EECON2                            0000018D
EEDAT                             0000010C
EEDATA                            0000010C
EEDATH                            0000010E
EEIE                              00000004
EEIF                              00000004
EEPGD                             00000007
F                                 00000001
FERR                              00000002
FSR                               00000004
FVREN                             00000000
GCEN                              00000007
GIE                               00000007
GO                                00000001
GO_DONE                           00000001
GO_NOT_DONE                       00000001
HTS                               00000002
I2C_DATA                          00000005
I2C_READ                          00000002
I2C_START                         00000003
I2C_STOP                          00000004
INDF                              00000000
INICIA_SECU                       0000000B
INICIO                            00000001
INTCON                            0000000B
INTE                              00000004
INTEDG                            00000006
INTF                              00000001
MPASM 5.87              COD_SECUENCIAS13.ASM   9-8-2023  23:16:26         PAGE  8


SYMBOL TABLE
  LABEL                             VALUE 

IOCB                              00000096
IOCB0                             00000000
IOCB1                             00000001
IOCB2                             00000002
IOCB3                             00000003
IOCB4                             00000004
IOCB5                             00000005
IOCB6                             00000006
IOCB7                             00000007
IRCF0                             00000004
IRCF1                             00000005
IRCF2                             00000006
IRP                               00000007
LOOP1                             00000012
LOOP2                             00000028
LOOP3                             00000035
LTS                               00000001
MC1OUT                            00000007
MC2OUT                            00000006
MSK                               00000093
MSK0                              00000000
MSK1                              00000001
MSK2                              00000002
MSK3                              00000003
MSK4                              00000004
MSK5                              00000005
MSK6                              00000006
MSK7                              00000007
NOT_A                             00000005
NOT_ADDRESS                       00000005
NOT_BO                            00000000
NOT_BOR                           00000000
NOT_DONE                          00000001
NOT_PD                            00000003
NOT_POR                           00000001
NOT_RBPU                          00000007
NOT_RC8                           00000006
NOT_T1SYNC                        00000002
NOT_TO                            00000004
NOT_TX8                           00000006
NOT_W                             00000002
NOT_WRITE                         00000002
OERR                              00000001
OPTION_REG                        00000081
OSCCON                            0000008F
OSCTUNE                           00000090
OSFIE                             00000007
OSFIF                             00000007
OSTS                              00000003
P                                 00000004
P1M0                              00000006
P1M1                              00000007
PCL                               00000002
MPASM 5.87              COD_SECUENCIAS13.ASM   9-8-2023  23:16:26         PAGE  9


SYMBOL TABLE
  LABEL                             VALUE 

PCLATH                            0000000A
PCON                              0000008E
PDC0                              00000000
PDC1                              00000001
PDC2                              00000002
PDC3                              00000003
PDC4                              00000004
PDC5                              00000005
PDC6                              00000006
PEIE                              00000006
PEN                               00000002
PIE1                              0000008C
PIE2                              0000008D
PIR1                              0000000C
PIR2                              0000000D
PORTA                             00000005
PORTB                             00000006
PORTC                             00000007
PORTD                             00000008
PORTE                             00000009
PR2                               00000092
PRSEN                             00000007
PS0                               00000000
PS1                               00000001
PS2                               00000002
PSA                               00000003
PSSAC0                            00000002
PSSAC1                            00000003
PSSBD0                            00000000
PSSBD1                            00000001
PSTRCON                           0000009D
PULSR                             00000002
PULSS                             00000003
PWM1CON                           0000009B
R                                 00000002
RA0                               00000000
RA1                               00000001
RA2                               00000002
RA3                               00000003
RA4                               00000004
RA5                               00000005
RA6                               00000006
RA7                               00000007
RB0                               00000000
RB1                               00000001
RB2                               00000002
RB3                               00000003
RB4                               00000004
RB5                               00000005
RB6                               00000006
RB7                               00000007
RBIE                              00000003
RBIF                              00000000
MPASM 5.87              COD_SECUENCIAS13.ASM   9-8-2023  23:16:26         PAGE 10


SYMBOL TABLE
  LABEL                             VALUE 

RC0                               00000000
RC1                               00000001
RC2                               00000002
RC3                               00000003
RC4                               00000004
RC5                               00000005
RC6                               00000006
RC7                               00000007
RC8_9                             00000006
RC9                               00000006
RCD8                              00000000
RCEN                              00000003
RCIDL                             00000006
RCIE                              00000005
RCIF                              00000005
RCREG                             0000001A
RCSTA                             00000018
RD                                00000000
RD0                               00000000
RD1                               00000001
RD2                               00000002
RD3                               00000003
RD4                               00000004
RD5                               00000005
RD6                               00000006
RD7                               00000007
RE0                               00000000
RE1                               00000001
RE2                               00000002
RE3                               00000003
READ_WRITE                        00000002
REP_1                             00000060
REP_2                             0000005E
REP_3                             0000005C
REP_PART2                         00000044
RETARDO                           0000005A
RP0                               00000005
RP1                               00000006
RSEN                              00000001
RX9                               00000006
RX9D                              00000000
R_NOT_W                           00000002
R_W                               00000002
S                                 00000003
SBOREN                            00000004
SCKP                              00000004
SCS                               00000000
SECUENCIA_LED1                    00000018
SECUENCIA_LED2                    00000023
SEN                               00000000
SENDB                             00000003
SMP                               00000007
SPBRG                             00000099
MPASM 5.87              COD_SECUENCIAS13.ASM   9-8-2023  23:16:26         PAGE 11


SYMBOL TABLE
  LABEL                             VALUE 

SPBRGH                            0000009A
SPEN                              00000007
SR0                               00000006
SR1                               00000007
SRCON                             00000185
SREN                              00000005
SSPADD                            00000093
SSPBUF                            00000013
SSPCON                            00000014
SSPCON2                           00000091
SSPEN                             00000005
SSPIE                             00000003
SSPIF                             00000003
SSPM0                             00000000
SSPM1                             00000001
SSPM2                             00000002
SSPM3                             00000003
SSPMSK                            00000093
SSPOV                             00000006
SSPSTAT                           00000094
STATUS                            00000003
STRA                              00000000
STRB                              00000001
STRC                              00000002
STRD                              00000003
STRSYNC                           00000004
SWDTEN                            00000000
SYNC                              00000004
T0CS                              00000005
T0IE                              00000005
T0IF                              00000002
T0SE                              00000004
T1CKPS0                           00000004
T1CKPS1                           00000005
T1CON                             00000010
T1GINV                            00000007
T1GIV                             00000007
T1GSS                             00000001
T1INSYNC                          00000002
T1OSCEN                           00000003
T1SYNC                            00000002
T2CKPS0                           00000000
T2CKPS1                           00000001
T2CON                             00000012
TMR0                              00000001
TMR0IE                            00000005
TMR0IF                            00000002
TMR1                              0000000E
TMR1CS                            00000001
TMR1GE                            00000006
TMR1H                             0000000F
TMR1IE                            00000000
TMR1IF                            00000000
MPASM 5.87              COD_SECUENCIAS13.ASM   9-8-2023  23:16:26         PAGE 12


SYMBOL TABLE
  LABEL                             VALUE 

TMR1L                             0000000E
TMR1ON                            00000000
TMR2                              00000011
TMR2IE                            00000001
TMR2IF                            00000001
TMR2ON                            00000002
TOUTPS0                           00000003
TOUTPS1                           00000004
TOUTPS2                           00000005
TOUTPS3                           00000006
TRISA                             00000085
TRISA0                            00000000
TRISA1                            00000001
TRISA2                            00000002
TRISA3                            00000003
TRISA4                            00000004
TRISA5                            00000005
TRISA6                            00000006
TRISA7                            00000007
TRISB                             00000086
TRISB0                            00000000
TRISB1                            00000001
TRISB2                            00000002
TRISB3                            00000003
TRISB4                            00000004
TRISB5                            00000005
TRISB6                            00000006
TRISB7                            00000007
TRISC                             00000087
TRISC0                            00000000
TRISC1                            00000001
TRISC2                            00000002
TRISC3                            00000003
TRISC4                            00000004
TRISC5                            00000005
TRISC6                            00000006
TRISC7                            00000007
TRISD                             00000088
TRISD0                            00000000
TRISD1                            00000001
TRISD2                            00000002
TRISD3                            00000003
TRISD4                            00000004
TRISD5                            00000005
TRISD6                            00000006
TRISD7                            00000007
TRISE                             00000089
TRISE0                            00000000
TRISE1                            00000001
TRISE2                            00000002
TRISE3                            00000003
TRMT                              00000001
TUN0                              00000000
MPASM 5.87              COD_SECUENCIAS13.ASM   9-8-2023  23:16:26         PAGE 13


SYMBOL TABLE
  LABEL                             VALUE 

TUN1                              00000001
TUN2                              00000002
TUN3                              00000003
TUN4                              00000004
TX8_9                             00000006
TX9                               00000006
TX9D                              00000000
TXD8                              00000000
TXEN                              00000005
TXIE                              00000004
TXIF                              00000004
TXREG                             00000019
TXSTA                             00000098
UA                                00000001
ULPWUE                            00000005
ULPWUIE                           00000002
ULPWUIF                           00000002
VCFG0                             00000004
VCFG1                             00000005
VR0                               00000000
VR1                               00000001
VR2                               00000002
VR3                               00000003
VRCON                             00000097
VREN                              00000007
VROE                              00000006
VRR                               00000005
VRSS                              00000004
W                                 00000000
WCOL                              00000007
WDTCON                            00000105
WDTPS0                            00000001
WDTPS1                            00000002
WDTPS2                            00000003
WDTPS3                            00000004
WPUB                              00000095
WPUB0                             00000000
WPUB1                             00000001
WPUB2                             00000002
WPUB3                             00000003
WPUB4                             00000004
WPUB5                             00000005
WPUB6                             00000006
WPUB7                             00000007
WR                                00000001
WREN                              00000002
WRERR                             00000003
WUE                               00000001
Z                                 00000002
_BOR21V                           00003EFF
_BOR40V                           00003FFF
_BOR4V_BOR21V                     00003EFF
_BOR4V_BOR40V                     00003FFF
MPASM 5.87              COD_SECUENCIAS13.ASM   9-8-2023  23:16:26         PAGE 14


SYMBOL TABLE
  LABEL                             VALUE 

_BOREN_NSLEEP                     00003EFF
_BOREN_OFF                        00003CFF
_BOREN_ON                         00003FFF
_BOREN_SBODEN                     00003DFF
_BOR_NSLEEP                       00003EFF
_BOR_OFF                          00003CFF
_BOR_ON                           00003FFF
_BOR_SBODEN                       00003DFF
_CONFIG1                          00002007
_CONFIG2                          00002008
_CPD_OFF                          00003FFF
_CPD_ON                           00003F7F
_CP_OFF                           00003FFF
_CP_ON                            00003FBF
_DEBUG_OFF                        00003FFF
_DEBUG_ON                         00001FFF
_DEVID1                           00002006
_EC_OSC                           00003FFB
_EXTRC                            00003FFF
_EXTRCIO                          00003FFE
_EXTRC_OSC_CLKOUT                 00003FFF
_EXTRC_OSC_NOCLKOUT               00003FFE
_FCMEN_OFF                        000037FF
_FCMEN_ON                         00003FFF
_FOSC_EC                          00003FFB
_FOSC_EXTRC_CLKOUT                00003FFF
_FOSC_EXTRC_NOCLKOUT              00003FFE
_FOSC_HS                          00003FFA
_FOSC_INTRC_CLKOUT                00003FFD
_FOSC_INTRC_NOCLKOUT              00003FFC
_FOSC_LP                          00003FF8
_FOSC_XT                          00003FF9
_HS_OSC                           00003FFA
_IDLOC0                           00002000
_IDLOC1                           00002001
_IDLOC2                           00002002
_IDLOC3                           00002003
_IESO_OFF                         00003BFF
_IESO_ON                          00003FFF
_INTOSC                           00003FFD
_INTOSCIO                         00003FFC
_INTRC_OSC_CLKOUT                 00003FFD
_INTRC_OSC_NOCLKOUT               00003FFC
_LP_OSC                           00003FF8
_LVP_OFF                          00002FFF
_LVP_ON                           00003FFF
_MCLRE_OFF                        00003FDF
_MCLRE_ON                         00003FFF
_PWRTE_OFF                        00003FFF
_PWRTE_ON                         00003FEF
_WDTE_OFF                         00003FF7
_WDTE_ON                          00003FFF
_WDT_OFF                          00003FF7
MPASM 5.87              COD_SECUENCIAS13.ASM   9-8-2023  23:16:26         PAGE 15


SYMBOL TABLE
  LABEL                             VALUE 

_WDT_ON                           00003FFF
_WRT_1FOURTH                      00003BFF
_WRT_256                          00003DFF
_WRT_HALF                         000039FF
_WRT_OFF                          00003FFF
_XT_OSC                           00003FF9
__16F887                          00000001
__DEBUG                           
__MPLAB_DEBUGGER_SIMULATOR        1
cont1                             00000020
cont2                             00000021
cont3                             00000022
var                               00000023
var2                              00000024
var3                              00000025
varSec1                           00000026
varSec2                           00000027
varSec3                           00000028

Errors   :     0
Warnings :     0 reported,     0 suppressed
Messages :     8 reported,     0 suppressed

